<?xml version="1.0" encoding="UTF-8"?>
<!-- Generated by org.testng.reporters.JUnitReportReporter -->
<testsuite hostname="Prateeks-PC" name="FlipkartLogin.Login" tests="1" failures="0" timestamp="3 Oct 2020 12:08:22 GMT" time="0.014" errors="0">
  <testcase name="LoginSuccess" time="0.014" classname="FlipkartLogin.Login"/>
</testsuite> <!-- FlipkartLogin.Login -->
