<?xml version="1.0" encoding="UTF-8"?>
<!-- Generated by org.testng.reporters.JUnitReportReporter -->
<testsuite hostname="Prateeks-PC" name="FlipkartSearch.Search" tests="2" failures="0" timestamp="3 Oct 2020 12:08:22 GMT" time="0.003" errors="0">
  <testcase name="ProductSearch" time="0.002" classname="FlipkartSearch.Search"/>
  <testcase name="ProductClicked" time="0.001" classname="FlipkartSearch.Search"/>
</testsuite> <!-- FlipkartSearch.Search -->
