<?xml version="1.0" encoding="UTF-8"?>
<!-- Generated by org.testng.reporters.JUnitReportReporter -->
<testsuite hostname="Prateeks-PC" name="FlipkartOrder.Order" tests="2" failures="0" timestamp="3 Oct 2020 12:08:22 GMT" time="0.002" errors="0">
  <testcase name="OrderNumber" time="0.001" classname="FlipkartOrder.Order"/>
  <testcase name="OrderDeliveryDate" time="0.001" classname="FlipkartOrder.Order"/>
</testsuite> <!-- FlipkartOrder.Order -->
