<?xml version="1.0" encoding="UTF-8"?>
<!-- Generated by org.testng.reporters.JUnitReportReporter -->
<testsuite hostname="Prateeks-PC" name="FlipkartPayment.Payment" tests="1" failures="0" timestamp="3 Oct 2020 12:08:22 GMT" time="0.001" errors="0">
  <testcase name="ValidCardDetails" time="0.001" classname="FlipkartPayment.Payment"/>
</testsuite> <!-- FlipkartPayment.Payment -->
