<?xml version="1.0" encoding="UTF-8"?>
<!-- Generated by org.testng.reporters.JUnitReportReporter -->
<testsuite hostname="Prateeks-PC" name="FlipkartLogin.UserCredentials" tests="2" failures="0" timestamp="25 Sep 2020 10:17:20 GMT" time="0.002" errors="0">
  <testcase name="ValidCredentails" time="0.001" classname="FlipkartLogin.UserCredentials"/>
  <testcase name="InvalidCredentails" time="0.001" classname="FlipkartLogin.UserCredentials"/>
</testsuite> <!-- FlipkartLogin.UserCredentials -->
